insert 南京市:320100 化工分析师

Notice: Undefined variable: row in /data/web/m_youhuo/app/spider/51job.php on line 464

Warning: MongoCollection::save(): expects parameter 1 to be an array or object, null given in /data/web/m_youhuo/app/spider/51job.php on line 464

Notice: Undefined variable: row in /data/web/m_youhuo/app/spider/51job.php on line 464

Warning: MongoCollection::save(): expects parameter 1 to be an array or object, null given in /data/web/m_youhuo/app/spider/51job.php on line 464
insert 北京市:110000 销售经理

Notice: Undefined variable: row in /data/web/m_youhuo/app/spider/51job.php on line 464

Warning: MongoCollection::save(): expects parameter 1 to be an array or object, null given in /data/web/m_youhuo/app/spider/51job.php on line 464

Notice: Undefined variable: row in /data/web/m_youhuo/app/spider/51job.php on line 464

Warning: MongoCollection::save(): expects parameter 1 to be an array or object, null given in /data/web/m_youhuo/app/spider/51job.php on line 464

Notice: Undefined variable: row in /data/web/m_youhuo/app/spider/51job.php on line 464

Warning: MongoCollection::save(): expects parameter 1 to be an array or object, null given in /data/web/m_youhuo/app/spider/51job.php on line 464

Notice: Undefined variable: row in /data/web/m_youhuo/app/spider/51job.php on line 464

Warning: MongoCollection::save(): expects parameter 1 to be an array or object, null given in /data/web/m_youhuo/app/spider/51job.php on line 464

Notice: Undefined variable: row in /data/web/m_youhuo/app/spider/51job.php on line 464

Warning: MongoCollection::save(): expects parameter 1 to be an array or object, null given in /data/web/m_youhuo/app/spider/51job.php on line 464

Notice: Undefined variable: row in /data/web/m_youhuo/app/spider/51job.php on line 464

Warning: MongoCollection::save(): expects parameter 1 to be an array or object, null given in /data/web/m_youhuo/app/spider/51job.php on line 464
insert 西安区:220403 九州地产-诚聘-商业顾问

Notice: Undefined variable: row in /data/web/m_youhuo/app/spider/51job.php on line 464

Warning: MongoCollection::save(): expects parameter 1 to be an array or object, null given in /data/web/m_youhuo/app/spider/51job.php on line 464

Notice: Undefined variable: row in /data/web/m_youhuo/app/spider/51job.php on line 464

Warning: MongoCollection::save(): expects parameter 1 to be an array or object, null given in /data/web/m_youhuo/app/spider/51job.php on line 464
insert 合肥市:340100 销售代表

Notice: Undefined variable: row in /data/web/m_youhuo/app/spider/51job.php on line 464

Warning: MongoCollection::save(): expects parameter 1 to be an array or object, null given in /data/web/m_youhuo/app/spider/51job.php on line 464

Notice: Undefined variable: row in /data/web/m_youhuo/app/spider/51job.php on line 464

Warning: MongoCollection::save(): expects parameter 1 to be an array or object, null given in /data/web/m_youhuo/app/spider/51job.php on line 464

Notice: Undefined variable: row in /data/web/m_youhuo/app/spider/51job.php on line 464

Warning: MongoCollection::save(): expects parameter 1 to be an array or object, null given in /data/web/m_youhuo/app/spider/51job.php on line 464

Notice: Undefined variable: row in /data/web/m_youhuo/app/spider/51job.php on line 464

Warning: MongoCollection::save(): expects parameter 1 to be an array or object, null given in /data/web/m_youhuo/app/spider/51job.php on line 464

Notice: Undefined variable: row in /data/web/m_youhuo/app/spider/51job.php on line 464

Warning: MongoCollection::save(): expects parameter 1 to be an array or object, null given in /data/web/m_youhuo/app/spider/51job.php on line 464

Notice: Undefined variable: row in /data/web/m_youhuo/app/spider/51job.php on line 464

Warning: MongoCollection::save(): expects parameter 1 to be an array or object, null given in /data/web/m_youhuo/app/spider/51job.php on line 464

Notice: Undefined variable: row in /data/web/m_youhuo/app/spider/51job.php on line 464

Warning: MongoCollection::save(): expects parameter 1 to be an array or object, null given in /data/web/m_youhuo/app/spider/51job.php on line 464
insert 北京市:110000 网络推广专员

Notice: Undefined variable: row in /data/web/m_youhuo/app/spider/51job.php on line 464

Warning: MongoCollection::save(): expects parameter 1 to be an array or object, null given in /data/web/m_youhuo/app/spider/51job.php on line 464

Notice: Undefined variable: row in /data/web/m_youhuo/app/spider/51job.php on line 464

Warning: MongoCollection::save(): expects parameter 1 to be an array or object, null given in /data/web/m_youhuo/app/spider/51job.php on line 464
insert 苏州市:320500 Foodi店长助理(职位编号：002)

Notice: Undefined variable: row in /data/web/m_youhuo/app/spider/51job.php on line 464

Warning: MongoCollection::save(): expects parameter 1 to be an array or object, null given in /data/web/m_youhuo/app/spider/51job.php on line 464

Notice: Undefined variable: row in /data/web/m_youhuo/app/spider/51job.php on line 464

Warning: MongoCollection::save(): expects parameter 1 to be an array or object, null given in /data/web/m_youhuo/app/spider/51job.php on line 464

Notice: Undefined variable: row in /data/web/m_youhuo/app/spider/51job.php on line 464

Warning: MongoCollection::save(): expects parameter 1 to be an array or object, null given in /data/web/m_youhuo/app/spider/51job.php on line 464

Notice: Undefined variable: row in /data/web/m_youhuo/app/spider/51job.php on line 464

Warning: MongoCollection::save(): expects parameter 1 to be an array or object, null given in /data/web/m_youhuo/app/spider/51job.php on line 464
insert 上海市:310000 海德堡CX102 5色机机长 急聘

Notice: Undefined variable: row in /data/web/m_youhuo/app/spider/51job.php on line 464

Warning: MongoCollection::save(): expects parameter 1 to be an array or object, null given in /data/web/m_youhuo/app/spider/51job.php on line 464
insert 深圳市:440300 全盘会计(包含行政工作)

Notice: Undefined variable: row in /data/web/m_youhuo/app/spider/51job.php on line 464

Warning: MongoCollection::save(): expects parameter 1 to be an array or object, null given in /data/web/m_youhuo/app/spider/51job.php on line 464

Notice: Undefined variable: row in /data/web/m_youhuo/app/spider/51job.php on line 464

Warning: MongoCollection::save(): expects parameter 1 to be an array or object, null given in /data/web/m_youhuo/app/spider/51job.php on line 464

Notice: Undefined variable: row in /data/web/m_youhuo/app/spider/51job.php on line 464

Warning: MongoCollection::save(): expects parameter 1 to be an array or object, null given in /data/web/m_youhuo/app/spider/51job.php on line 464

Notice: Undefined variable: row in /data/web/m_youhuo/app/spider/51job.php on line 464

Warning: MongoCollection::save(): expects parameter 1 to be an array or object, null given in /data/web/m_youhuo/app/spider/51job.php on line 464

Notice: Undefined variable: row in /data/web/m_youhuo/app/spider/51job.php on line 464

Warning: MongoCollection::save(): expects parameter 1 to be an array or object, null given in /data/web/m_youhuo/app/spider/51job.php on line 464

Notice: Undefined variable: row in /data/web/m_youhuo/app/spider/51job.php on line 464

Warning: MongoCollection::save(): expects parameter 1 to be an array or object, null given in /data/web/m_youhuo/app/spider/51job.php on line 464
insert 上海市:310000 Senior Merchandiser - Apparel/Footwear/Accessories

Notice: Undefined variable: row in /data/web/m_youhuo/app/spider/51job.php on line 464

Warning: MongoCollection::save(): expects parameter 1 to be an array or object, null given in /data/web/m_youhuo/app/spider/51job.php on line 464

Notice: Undefined variable: row in /data/web/m_youhuo/app/spider/51job.php on line 464

Warning: MongoCollection::save(): expects parameter 1 to be an array or object, null given in /data/web/m_youhuo/app/spider/51job.php on line 464

Notice: Undefined variable: row in /data/web/m_youhuo/app/spider/51job.php on line 464

Warning: MongoCollection::save(): expects parameter 1 to be an array or object, null given in /data/web/m_youhuo/app/spider/51job.php on line 464

Notice: Undefined variable: row in /data/web/m_youhuo/app/spider/51job.php on line 464

Warning: MongoCollection::save(): expects parameter 1 to be an array or object, null given in /data/web/m_youhuo/app/spider/51job.php on line 464

Notice: Undefined variable: row in /data/web/m_youhuo/app/spider/51job.php on line 464

Warning: MongoCollection::save(): expects parameter 1 to be an array or object, null given in /data/web/m_youhuo/app/spider/51job.php on line 464
insert 上海市:310000 诚聘兼职打包人员（人数不限）

Notice: Undefined variable: row in /data/web/m_youhuo/app/spider/51job.php on line 464

Warning: MongoCollection::save(): expects parameter 1 to be an array or object, null given in /data/web/m_youhuo/app/spider/51job.php on line 464

Notice: Undefined variable: row in /data/web/m_youhuo/app/spider/51job.php on line 464

Warning: MongoCollection::save(): expects parameter 1 to be an array or object, null given in /data/web/m_youhuo/app/spider/51job.php on line 464
insert 西安区:220403 幕墙设计师(职位编号：xs02)

Notice: Undefined variable: row in /data/web/m_youhuo/app/spider/51job.php on line 464

Warning: MongoCollection::save(): expects parameter 1 to be an array or object, null given in /data/web/m_youhuo/app/spider/51job.php on line 464

Notice: Undefined variable: row in /data/web/m_youhuo/app/spider/51job.php on line 464

Warning: MongoCollection::save(): expects parameter 1 to be an array or object, null given in /data/web/m_youhuo/app/spider/51job.php on line 464
stop data 
